2021-12-23 20:34:11,350 INFO o.a.j.u.JMeterUtils: Setting Locale to en_US
2021-12-23 20:34:11,383 INFO o.a.j.JMeter: Loading user properties from: /Users/adriantosca/Adi/experimental-service-cache/jmeter/bin/user.properties
2021-12-23 20:34:11,385 INFO o.a.j.JMeter: Loading system properties from: /Users/adriantosca/Adi/experimental-service-cache/jmeter/bin/system.properties
2021-12-23 20:34:11,390 INFO o.a.j.JMeter: Copyright (c) 1998-2021 The Apache Software Foundation
2021-12-23 20:34:11,390 INFO o.a.j.JMeter: Version 5.4.2
2021-12-23 20:34:11,390 INFO o.a.j.JMeter: java.version=11.0.10
2021-12-23 20:34:11,390 INFO o.a.j.JMeter: java.vm.name=Eclipse OpenJ9 VM
2021-12-23 20:34:11,390 INFO o.a.j.JMeter: os.name=Mac OS X
2021-12-23 20:34:11,390 INFO o.a.j.JMeter: os.arch=x86_64
2021-12-23 20:34:11,390 INFO o.a.j.JMeter: os.version=10.16
2021-12-23 20:34:11,391 INFO o.a.j.JMeter: file.encoding=UTF-8
2021-12-23 20:34:11,391 INFO o.a.j.JMeter: java.awt.headless=null
2021-12-23 20:34:11,391 INFO o.a.j.JMeter: Max memory     =8589934592
2021-12-23 20:34:11,391 INFO o.a.j.JMeter: Available Processors =12
2021-12-23 20:34:11,398 INFO o.a.j.JMeter: Default Locale=English (United States)
2021-12-23 20:34:11,399 INFO o.a.j.JMeter: JMeter  Locale=English (United States)
2021-12-23 20:34:11,399 INFO o.a.j.JMeter: JMeterHome=/Users/adriantosca/Adi/experimental-service-cache/jmeter
2021-12-23 20:34:11,399 INFO o.a.j.JMeter: user.dir  =/Users/adriantosca/Adi/experimental-service-cache
2021-12-23 20:34:11,399 INFO o.a.j.JMeter: PWD       =/Users/adriantosca/Adi/experimental-service-cache
2021-12-23 20:34:11,407 INFO o.a.j.JMeter: IP: 192.168.0.145 Name: c02y72syjgh6-c FullName: 192.168.0.145
2021-12-23 20:34:12,062 INFO o.a.j.JMeter: Setting LAF to: com.github.weisj.darklaf.DarkLaf:com.github.weisj.darklaf.theme.DarculaTheme
2021-12-23 20:34:13,193 INFO o.a.j.JMeter: Loaded icon properties from org/apache/jmeter/images/icon.properties
2021-12-23 20:35:24,009 INFO o.a.j.s.FileServer: Default base='/Users/adriantosca/Adi/experimental-service-cache'
2021-12-23 20:35:24,012 INFO o.a.j.g.a.Load: Loading file: /Users/adriantosca/Adi/experimental-service-cache/test.jmx
2021-12-23 20:35:24,012 INFO o.a.j.s.FileServer: Set new base='/Users/adriantosca/Adi/experimental-service-cache'
2021-12-23 20:35:24,227 INFO o.a.j.s.SaveService: Testplan (JMX) version: 2.2. Testlog (JTL) version: 2.2
2021-12-23 20:35:24,261 INFO o.a.j.s.SaveService: Using SaveService properties version 5.0
2021-12-23 20:35:24,263 INFO o.a.j.s.SaveService: Using SaveService properties file encoding UTF-8
2021-12-23 20:35:24,264 INFO o.a.j.s.SaveService: Loading file: /Users/adriantosca/Adi/experimental-service-cache/test.jmx
2021-12-23 20:35:24,288 INFO o.a.j.p.h.s.HTTPSamplerBase: Parser for text/html is org.apache.jmeter.protocol.http.parser.LagartoBasedHtmlParser
2021-12-23 20:35:24,288 INFO o.a.j.p.h.s.HTTPSamplerBase: Parser for application/xhtml+xml is org.apache.jmeter.protocol.http.parser.LagartoBasedHtmlParser
2021-12-23 20:35:24,288 INFO o.a.j.p.h.s.HTTPSamplerBase: Parser for application/xml is org.apache.jmeter.protocol.http.parser.LagartoBasedHtmlParser
2021-12-23 20:35:24,288 INFO o.a.j.p.h.s.HTTPSamplerBase: Parser for text/xml is org.apache.jmeter.protocol.http.parser.LagartoBasedHtmlParser
2021-12-23 20:35:24,288 INFO o.a.j.p.h.s.HTTPSamplerBase: Parser for text/vnd.wap.wml is org.apache.jmeter.protocol.http.parser.RegexpHTMLParser
2021-12-23 20:35:24,288 INFO o.a.j.p.h.s.HTTPSamplerBase: Parser for text/css is org.apache.jmeter.protocol.http.parser.CssParser
2021-12-23 20:35:24,536 INFO o.a.j.s.SampleResult: Note: Sample TimeStamps are START times
2021-12-23 20:35:24,537 INFO o.a.j.s.SampleResult: sampleresult.default.encoding is set to ISO-8859-1
2021-12-23 20:35:24,537 INFO o.a.j.s.SampleResult: sampleresult.useNanoTime=true
2021-12-23 20:35:24,537 INFO o.a.j.s.SampleResult: sampleresult.nanoThreadSleep=5000
2021-12-23 20:35:24,719 INFO o.a.j.v.ViewResultsFullVisualizer: Add JavaFX to your Java installation if you want to use renderer: org.apache.jmeter.visualizers.RenderInBrowser
2021-12-23 20:35:24,768 INFO o.a.j.s.FileServer: Set new base='/Users/adriantosca/Adi/experimental-service-cache'
2021-12-23 20:35:38,464 INFO o.a.j.e.StandardJMeterEngine: Running the test!
2021-12-23 20:35:38,465 INFO o.a.j.s.SampleEvent: List of sample_variables: []
2021-12-23 20:35:38,465 INFO o.a.j.s.SampleEvent: List of sample_variables: []
2021-12-23 20:35:38,466 INFO o.a.j.e.u.CompoundVariable: Note: Function class names must contain the string: '.functions.'
2021-12-23 20:35:38,466 INFO o.a.j.e.u.CompoundVariable: Note: Function class names must not contain the string: '.gui.'
2021-12-23 20:35:38,777 INFO o.a.j.g.u.JMeterMenuBar: setRunning(true, *local*)
2021-12-23 20:35:38,915 INFO o.a.j.e.StandardJMeterEngine: Starting ThreadGroup: 1 : Thread Group
2021-12-23 20:35:38,915 INFO o.a.j.e.StandardJMeterEngine: Starting 25 threads for group Thread Group.
2021-12-23 20:35:38,915 INFO o.a.j.e.StandardJMeterEngine: Thread will continue on error
2021-12-23 20:35:38,916 INFO o.a.j.t.ThreadGroup: Starting thread group... number=1 threads=25 ramp-up=1 delayedStart=false
2021-12-23 20:35:38,923 INFO o.a.j.t.JMeterThread: Thread started: Thread Group 1-1
2021-12-23 20:35:38,963 INFO o.a.j.p.h.s.HTTPHCAbstractImpl: Local host = c02y72syjgh6-c
2021-12-23 20:35:38,968 INFO o.a.j.t.JMeterThread: Thread started: Thread Group 1-2
2021-12-23 20:35:38,984 INFO o.a.j.p.h.s.HTTPHC4Impl: HTTP request retry count = 0
2021-12-23 20:35:39,024 INFO o.a.j.t.JMeterThread: Thread started: Thread Group 1-3
2021-12-23 20:35:39,049 INFO o.a.j.t.JMeterThread: Thread started: Thread Group 1-4
2021-12-23 20:35:39,106 INFO o.a.j.t.JMeterThread: Thread started: Thread Group 1-5
2021-12-23 20:35:39,143 INFO o.a.j.t.JMeterThread: Thread started: Thread Group 1-6
2021-12-23 20:35:39,178 INFO o.a.j.t.JMeterThread: Thread started: Thread Group 1-7
2021-12-23 20:35:39,217 INFO o.a.j.t.ThreadGroup: Started thread group number 1
2021-12-23 20:35:39,218 INFO o.a.j.e.StandardJMeterEngine: All thread groups have been started
2021-12-23 20:35:39,226 INFO o.a.j.t.JMeterThread: Thread started: Thread Group 1-8
2021-12-23 20:35:39,244 INFO o.a.j.t.JMeterThread: Thread started: Thread Group 1-9
2021-12-23 20:35:39,282 INFO o.a.j.t.JMeterThread: Thread started: Thread Group 1-10
2021-12-23 20:35:39,324 INFO o.a.j.t.JMeterThread: Thread started: Thread Group 1-11
2021-12-23 20:35:39,369 INFO o.a.j.t.JMeterThread: Thread started: Thread Group 1-12
2021-12-23 20:35:39,413 INFO o.a.j.t.JMeterThread: Thread started: Thread Group 1-13
2021-12-23 20:35:39,456 INFO o.a.j.t.JMeterThread: Thread started: Thread Group 1-14
2021-12-23 20:35:39,493 INFO o.a.j.t.JMeterThread: Thread started: Thread Group 1-15
2021-12-23 20:35:39,529 INFO o.a.j.t.JMeterThread: Thread started: Thread Group 1-16
2021-12-23 20:35:39,560 INFO o.a.j.t.JMeterThread: Thread started: Thread Group 1-17
2021-12-23 20:35:39,601 INFO o.a.j.t.JMeterThread: Thread started: Thread Group 1-18
2021-12-23 20:35:39,644 INFO o.a.j.t.JMeterThread: Thread started: Thread Group 1-19
2021-12-23 20:35:39,682 INFO o.a.j.t.JMeterThread: Thread started: Thread Group 1-20
2021-12-23 20:35:39,722 INFO o.a.j.t.JMeterThread: Thread started: Thread Group 1-21
2021-12-23 20:35:39,760 INFO o.a.j.t.JMeterThread: Thread started: Thread Group 1-22
2021-12-23 20:35:39,804 INFO o.a.j.t.JMeterThread: Thread started: Thread Group 1-23
2021-12-23 20:35:39,841 INFO o.a.j.t.JMeterThread: Thread started: Thread Group 1-24
2021-12-23 20:35:39,880 INFO o.a.j.t.JMeterThread: Thread started: Thread Group 1-25
2021-12-23 20:35:47,359 INFO o.a.j.t.JMeterThread: Thread is done: Thread Group 1-14
2021-12-23 20:35:47,360 INFO o.a.j.t.JMeterThread: Thread finished: Thread Group 1-14
2021-12-23 20:35:47,369 INFO o.a.j.t.JMeterThread: Thread is done: Thread Group 1-5
2021-12-23 20:35:47,369 INFO o.a.j.t.JMeterThread: Thread finished: Thread Group 1-5
2021-12-23 20:35:47,372 INFO o.a.j.t.JMeterThread: Thread is done: Thread Group 1-16
2021-12-23 20:35:47,374 INFO o.a.j.t.JMeterThread: Thread is done: Thread Group 1-12
2021-12-23 20:35:47,374 INFO o.a.j.t.JMeterThread: Thread finished: Thread Group 1-12
2021-12-23 20:35:47,382 INFO o.a.j.t.JMeterThread: Thread is done: Thread Group 1-18
2021-12-23 20:35:47,382 INFO o.a.j.t.JMeterThread: Thread finished: Thread Group 1-18
2021-12-23 20:35:47,382 INFO o.a.j.t.JMeterThread: Thread finished: Thread Group 1-16
2021-12-23 20:35:47,386 INFO o.a.j.t.JMeterThread: Thread is done: Thread Group 1-11
2021-12-23 20:35:47,387 INFO o.a.j.t.JMeterThread: Thread finished: Thread Group 1-11
2021-12-23 20:35:47,389 INFO o.a.j.t.JMeterThread: Thread is done: Thread Group 1-24
2021-12-23 20:35:47,389 INFO o.a.j.t.JMeterThread: Thread is done: Thread Group 1-3
2021-12-23 20:35:47,389 INFO o.a.j.t.JMeterThread: Thread finished: Thread Group 1-24
2021-12-23 20:35:47,389 INFO o.a.j.t.JMeterThread: Thread finished: Thread Group 1-3
2021-12-23 20:35:47,389 INFO o.a.j.t.JMeterThread: Thread is done: Thread Group 1-19
2021-12-23 20:35:47,390 INFO o.a.j.t.JMeterThread: Thread is done: Thread Group 1-17
2021-12-23 20:35:47,390 INFO o.a.j.t.JMeterThread: Thread finished: Thread Group 1-19
2021-12-23 20:35:47,390 INFO o.a.j.t.JMeterThread: Thread finished: Thread Group 1-17
2021-12-23 20:35:47,394 INFO o.a.j.t.JMeterThread: Thread is done: Thread Group 1-7
2021-12-23 20:35:47,394 INFO o.a.j.t.JMeterThread: Thread finished: Thread Group 1-7
2021-12-23 20:35:47,408 INFO o.a.j.t.JMeterThread: Thread is done: Thread Group 1-1
2021-12-23 20:35:47,408 INFO o.a.j.t.JMeterThread: Thread finished: Thread Group 1-1
2021-12-23 20:35:47,412 INFO o.a.j.t.JMeterThread: Thread is done: Thread Group 1-21
2021-12-23 20:35:47,412 INFO o.a.j.t.JMeterThread: Thread finished: Thread Group 1-21
2021-12-23 20:35:47,417 INFO o.a.j.t.JMeterThread: Thread is done: Thread Group 1-6
2021-12-23 20:35:47,417 INFO o.a.j.t.JMeterThread: Thread finished: Thread Group 1-6
2021-12-23 20:35:47,420 INFO o.a.j.t.JMeterThread: Thread is done: Thread Group 1-20
2021-12-23 20:35:47,421 INFO o.a.j.t.JMeterThread: Thread finished: Thread Group 1-20
2021-12-23 20:35:47,423 INFO o.a.j.t.JMeterThread: Thread is done: Thread Group 1-9
2021-12-23 20:35:47,424 INFO o.a.j.t.JMeterThread: Thread finished: Thread Group 1-9
2021-12-23 20:35:47,433 INFO o.a.j.t.JMeterThread: Thread is done: Thread Group 1-10
2021-12-23 20:35:47,433 INFO o.a.j.t.JMeterThread: Thread finished: Thread Group 1-10
2021-12-23 20:35:47,446 INFO o.a.j.t.JMeterThread: Thread is done: Thread Group 1-8
2021-12-23 20:35:47,446 INFO o.a.j.t.JMeterThread: Thread finished: Thread Group 1-8
2021-12-23 20:35:47,455 INFO o.a.j.t.JMeterThread: Thread is done: Thread Group 1-25
2021-12-23 20:35:47,455 INFO o.a.j.t.JMeterThread: Thread finished: Thread Group 1-25
2021-12-23 20:35:47,460 INFO o.a.j.t.JMeterThread: Thread is done: Thread Group 1-13
2021-12-23 20:35:47,460 INFO o.a.j.t.JMeterThread: Thread finished: Thread Group 1-13
2021-12-23 20:35:47,462 INFO o.a.j.t.JMeterThread: Thread is done: Thread Group 1-23
2021-12-23 20:35:47,462 INFO o.a.j.t.JMeterThread: Thread finished: Thread Group 1-23
2021-12-23 20:35:47,455 INFO o.a.j.t.JMeterThread: Thread is done: Thread Group 1-22
2021-12-23 20:35:47,465 INFO o.a.j.t.JMeterThread: Thread finished: Thread Group 1-22
2021-12-23 20:35:47,466 INFO o.a.j.t.JMeterThread: Thread is done: Thread Group 1-15
2021-12-23 20:35:47,467 INFO o.a.j.t.JMeterThread: Thread finished: Thread Group 1-15
2021-12-23 20:35:47,483 INFO o.a.j.t.JMeterThread: Thread is done: Thread Group 1-2
2021-12-23 20:35:47,483 INFO o.a.j.t.JMeterThread: Thread finished: Thread Group 1-2
2021-12-23 20:35:47,494 INFO o.a.j.t.JMeterThread: Thread is done: Thread Group 1-4
2021-12-23 20:35:47,494 INFO o.a.j.t.JMeterThread: Thread finished: Thread Group 1-4
2021-12-23 20:35:47,495 INFO o.a.j.e.StandardJMeterEngine: Notifying test listeners of end of test
2021-12-23 20:35:47,495 INFO o.a.j.g.u.JMeterMenuBar: setRunning(false, *local*)
2021-12-23 20:39:41,270 INFO o.a.j.e.StandardJMeterEngine: Running the test!
2021-12-23 20:39:41,271 INFO o.a.j.s.SampleEvent: List of sample_variables: []
2021-12-23 20:39:41,272 INFO o.a.j.g.u.JMeterMenuBar: setRunning(true, *local*)
2021-12-23 20:39:41,283 INFO o.a.j.e.StandardJMeterEngine: Starting ThreadGroup: 1 : Thread Group
2021-12-23 20:39:41,284 INFO o.a.j.e.StandardJMeterEngine: Starting 10 threads for group Thread Group.
2021-12-23 20:39:41,284 INFO o.a.j.e.StandardJMeterEngine: Thread will continue on error
2021-12-23 20:39:41,284 INFO o.a.j.t.ThreadGroup: Starting thread group... number=1 threads=10 ramp-up=1 delayedStart=false
2021-12-23 20:39:41,288 INFO o.a.j.t.JMeterThread: Thread started: Thread Group 1-1
2021-12-23 20:39:41,327 INFO o.a.j.t.ThreadGroup: Started thread group number 1
2021-12-23 20:39:41,327 INFO o.a.j.e.StandardJMeterEngine: All thread groups have been started
2021-12-23 20:39:41,390 INFO o.a.j.t.JMeterThread: Thread started: Thread Group 1-2
2021-12-23 20:39:41,489 INFO o.a.j.t.JMeterThread: Thread started: Thread Group 1-3
2021-12-23 20:39:41,589 INFO o.a.j.t.JMeterThread: Thread started: Thread Group 1-4
2021-12-23 20:39:41,690 INFO o.a.j.t.JMeterThread: Thread started: Thread Group 1-5
2021-12-23 20:39:41,788 INFO o.a.j.t.JMeterThread: Thread started: Thread Group 1-6
2021-12-23 20:39:41,889 INFO o.a.j.t.JMeterThread: Thread started: Thread Group 1-7
2021-12-23 20:39:41,988 INFO o.a.j.t.JMeterThread: Thread started: Thread Group 1-8
2021-12-23 20:39:42,091 INFO o.a.j.t.JMeterThread: Thread started: Thread Group 1-9
2021-12-23 20:39:42,189 INFO o.a.j.t.JMeterThread: Thread started: Thread Group 1-10
2021-12-23 20:39:44,457 INFO o.a.j.t.JMeterThread: Thread is done: Thread Group 1-2
2021-12-23 20:39:44,458 INFO o.a.j.t.JMeterThread: Thread finished: Thread Group 1-2
2021-12-23 20:39:44,470 INFO o.a.j.t.JMeterThread: Thread is done: Thread Group 1-1
2021-12-23 20:39:44,471 INFO o.a.j.t.JMeterThread: Thread finished: Thread Group 1-1
2021-12-23 20:39:44,471 INFO o.a.j.t.JMeterThread: Thread is done: Thread Group 1-6
2021-12-23 20:39:44,472 INFO o.a.j.t.JMeterThread: Thread finished: Thread Group 1-6
2021-12-23 20:39:44,473 INFO o.a.j.t.JMeterThread: Thread is done: Thread Group 1-5
2021-12-23 20:39:44,474 INFO o.a.j.t.JMeterThread: Thread finished: Thread Group 1-5
2021-12-23 20:39:44,479 INFO o.a.j.t.JMeterThread: Thread is done: Thread Group 1-8
2021-12-23 20:39:44,481 INFO o.a.j.t.JMeterThread: Thread is done: Thread Group 1-3
2021-12-23 20:39:44,481 INFO o.a.j.t.JMeterThread: Thread finished: Thread Group 1-8
2021-12-23 20:39:44,481 INFO o.a.j.t.JMeterThread: Thread finished: Thread Group 1-3
2021-12-23 20:39:44,484 INFO o.a.j.t.JMeterThread: Thread is done: Thread Group 1-9
2021-12-23 20:39:44,485 INFO o.a.j.t.JMeterThread: Thread finished: Thread Group 1-9
2021-12-23 20:39:44,492 INFO o.a.j.t.JMeterThread: Thread is done: Thread Group 1-10
2021-12-23 20:39:44,492 INFO o.a.j.t.JMeterThread: Thread finished: Thread Group 1-10
2021-12-23 20:39:44,496 INFO o.a.j.t.JMeterThread: Thread is done: Thread Group 1-7
2021-12-23 20:39:44,496 INFO o.a.j.t.JMeterThread: Thread finished: Thread Group 1-7
2021-12-23 20:39:44,511 INFO o.a.j.t.JMeterThread: Thread is done: Thread Group 1-4
2021-12-23 20:39:44,512 INFO o.a.j.t.JMeterThread: Thread finished: Thread Group 1-4
2021-12-23 20:39:44,512 INFO o.a.j.e.StandardJMeterEngine: Notifying test listeners of end of test
2021-12-23 20:39:44,512 INFO o.a.j.g.u.JMeterMenuBar: setRunning(false, *local*)
2021-12-23 20:40:19,950 INFO o.a.j.e.StandardJMeterEngine: Running the test!
2021-12-23 20:40:19,950 INFO o.a.j.s.SampleEvent: List of sample_variables: []
2021-12-23 20:40:19,951 INFO o.a.j.g.u.JMeterMenuBar: setRunning(true, *local*)
2021-12-23 20:40:20,097 INFO o.a.j.e.StandardJMeterEngine: Starting ThreadGroup: 1 : Thread Group
2021-12-23 20:40:20,097 INFO o.a.j.e.StandardJMeterEngine: Starting 10 threads for group Thread Group.
2021-12-23 20:40:20,097 INFO o.a.j.e.StandardJMeterEngine: Thread will continue on error
2021-12-23 20:40:20,097 INFO o.a.j.t.ThreadGroup: Starting thread group... number=1 threads=10 ramp-up=1 delayedStart=false
2021-12-23 20:40:20,101 INFO o.a.j.t.JMeterThread: Thread started: Thread Group 1-1
2021-12-23 20:40:20,137 INFO o.a.j.t.ThreadGroup: Started thread group number 1
2021-12-23 20:40:20,137 INFO o.a.j.e.StandardJMeterEngine: All thread groups have been started
2021-12-23 20:40:20,203 INFO o.a.j.t.JMeterThread: Thread started: Thread Group 1-2
2021-12-23 20:40:20,301 INFO o.a.j.t.JMeterThread: Thread started: Thread Group 1-3
2021-12-23 20:40:20,403 INFO o.a.j.t.JMeterThread: Thread started: Thread Group 1-4
2021-12-23 20:40:20,503 INFO o.a.j.t.JMeterThread: Thread started: Thread Group 1-5
2021-12-23 20:40:20,603 INFO o.a.j.t.JMeterThread: Thread started: Thread Group 1-6
2021-12-23 20:40:20,702 INFO o.a.j.t.JMeterThread: Thread started: Thread Group 1-7
2021-12-23 20:40:20,802 INFO o.a.j.t.JMeterThread: Thread started: Thread Group 1-8
2021-12-23 20:40:20,905 INFO o.a.j.t.JMeterThread: Thread started: Thread Group 1-9
2021-12-23 20:40:20,962 INFO o.a.j.t.JMeterThread: Thread is done: Thread Group 1-3
2021-12-23 20:40:20,962 INFO o.a.j.t.JMeterThread: Thread finished: Thread Group 1-3
2021-12-23 20:40:21,003 INFO o.a.j.t.JMeterThread: Thread started: Thread Group 1-10
2021-12-23 20:40:21,159 INFO o.a.j.t.JMeterThread: Thread is done: Thread Group 1-6
2021-12-23 20:40:21,159 INFO o.a.j.t.JMeterThread: Thread finished: Thread Group 1-6
2021-12-23 20:40:21,342 INFO o.a.j.t.JMeterThread: Thread is done: Thread Group 1-8
2021-12-23 20:40:21,342 INFO o.a.j.t.JMeterThread: Thread finished: Thread Group 1-8
2021-12-23 20:40:21,430 INFO o.a.j.t.JMeterThread: Thread is done: Thread Group 1-9
2021-12-23 20:40:21,431 INFO o.a.j.t.JMeterThread: Thread finished: Thread Group 1-9
2021-12-23 20:40:21,462 INFO o.a.j.t.JMeterThread: Thread is done: Thread Group 1-4
2021-12-23 20:40:21,462 INFO o.a.j.t.JMeterThread: Thread finished: Thread Group 1-4
2021-12-23 20:40:21,471 INFO o.a.j.t.JMeterThread: Thread is done: Thread Group 1-7
2021-12-23 20:40:21,471 INFO o.a.j.t.JMeterThread: Thread is done: Thread Group 1-1
2021-12-23 20:40:21,471 INFO o.a.j.t.JMeterThread: Thread finished: Thread Group 1-7
2021-12-23 20:40:21,471 INFO o.a.j.t.JMeterThread: Thread finished: Thread Group 1-1
2021-12-23 20:40:21,472 INFO o.a.j.t.JMeterThread: Thread is done: Thread Group 1-2
2021-12-23 20:40:21,472 INFO o.a.j.t.JMeterThread: Thread finished: Thread Group 1-2
2021-12-23 20:40:21,738 INFO o.a.j.t.JMeterThread: Thread is done: Thread Group 1-5
2021-12-23 20:40:21,738 INFO o.a.j.t.JMeterThread: Thread finished: Thread Group 1-5
2021-12-23 20:40:22,014 INFO o.a.j.t.JMeterThread: Thread is done: Thread Group 1-10
2021-12-23 20:40:22,014 INFO o.a.j.t.JMeterThread: Thread finished: Thread Group 1-10
2021-12-23 20:40:22,014 INFO o.a.j.e.StandardJMeterEngine: Notifying test listeners of end of test
2021-12-23 20:40:22,015 INFO o.a.j.g.u.JMeterMenuBar: setRunning(false, *local*)
2021-12-23 20:42:50,760 INFO o.a.j.e.StandardJMeterEngine: Running the test!
2021-12-23 20:42:50,760 INFO o.a.j.s.SampleEvent: List of sample_variables: []
2021-12-23 20:42:50,761 INFO o.a.j.g.u.JMeterMenuBar: setRunning(true, *local*)
2021-12-23 20:42:50,773 INFO o.a.j.e.StandardJMeterEngine: Starting ThreadGroup: 1 : Thread Group
2021-12-23 20:42:50,773 INFO o.a.j.e.StandardJMeterEngine: Starting 10 threads for group Thread Group.
2021-12-23 20:42:50,773 INFO o.a.j.e.StandardJMeterEngine: Thread will continue on error
2021-12-23 20:42:50,773 INFO o.a.j.t.ThreadGroup: Starting thread group... number=1 threads=10 ramp-up=1 delayedStart=false
2021-12-23 20:42:50,778 INFO o.a.j.t.JMeterThread: Thread started: Thread Group 1-1
2021-12-23 20:42:50,819 INFO o.a.j.t.ThreadGroup: Started thread group number 1
2021-12-23 20:42:50,819 INFO o.a.j.e.StandardJMeterEngine: All thread groups have been started
2021-12-23 20:42:50,879 INFO o.a.j.t.JMeterThread: Thread started: Thread Group 1-2
2021-12-23 20:42:50,980 INFO o.a.j.t.JMeterThread: Thread started: Thread Group 1-3
2021-12-23 20:42:51,078 INFO o.a.j.t.JMeterThread: Thread started: Thread Group 1-4
2021-12-23 20:42:51,177 INFO o.a.j.t.JMeterThread: Thread started: Thread Group 1-5
2021-12-23 20:42:51,277 INFO o.a.j.t.JMeterThread: Thread started: Thread Group 1-6
2021-12-23 20:42:51,377 INFO o.a.j.t.JMeterThread: Thread started: Thread Group 1-7
2021-12-23 20:42:51,476 INFO o.a.j.t.JMeterThread: Thread started: Thread Group 1-8
2021-12-23 20:42:51,511 INFO o.a.j.t.JMeterThread: Thread is done: Thread Group 1-1
2021-12-23 20:42:51,511 INFO o.a.j.t.JMeterThread: Thread finished: Thread Group 1-1
2021-12-23 20:42:51,554 INFO o.a.j.t.JMeterThread: Thread is done: Thread Group 1-3
2021-12-23 20:42:51,554 INFO o.a.j.t.JMeterThread: Thread finished: Thread Group 1-3
2021-12-23 20:42:51,579 INFO o.a.j.t.JMeterThread: Thread started: Thread Group 1-9
2021-12-23 20:42:51,659 INFO o.a.j.t.JMeterThread: Thread is done: Thread Group 1-2
2021-12-23 20:42:51,659 INFO o.a.j.t.JMeterThread: Thread finished: Thread Group 1-2
2021-12-23 20:42:51,659 INFO o.a.j.t.JMeterThread: Thread is done: Thread Group 1-4
2021-12-23 20:42:51,660 INFO o.a.j.t.JMeterThread: Thread finished: Thread Group 1-4
2021-12-23 20:42:51,681 INFO o.a.j.t.JMeterThread: Thread started: Thread Group 1-10
2021-12-23 20:42:51,776 INFO o.a.j.t.JMeterThread: Thread is done: Thread Group 1-7
2021-12-23 20:42:51,776 INFO o.a.j.t.JMeterThread: Thread finished: Thread Group 1-7
2021-12-23 20:42:51,840 INFO o.a.j.t.JMeterThread: Thread is done: Thread Group 1-8
2021-12-23 20:42:51,840 INFO o.a.j.t.JMeterThread: Thread finished: Thread Group 1-8
2021-12-23 20:42:51,894 INFO o.a.j.t.JMeterThread: Thread is done: Thread Group 1-5
2021-12-23 20:42:51,895 INFO o.a.j.t.JMeterThread: Thread finished: Thread Group 1-5
2021-12-23 20:42:51,959 INFO o.a.j.t.JMeterThread: Thread is done: Thread Group 1-9
2021-12-23 20:42:51,959 INFO o.a.j.t.JMeterThread: Thread finished: Thread Group 1-9
2021-12-23 20:42:51,987 INFO o.a.j.t.JMeterThread: Thread is done: Thread Group 1-6
2021-12-23 20:42:51,987 INFO o.a.j.t.JMeterThread: Thread finished: Thread Group 1-6
2021-12-23 20:42:52,062 INFO o.a.j.t.JMeterThread: Thread is done: Thread Group 1-10
2021-12-23 20:42:52,062 INFO o.a.j.t.JMeterThread: Thread finished: Thread Group 1-10
2021-12-23 20:42:52,062 INFO o.a.j.e.StandardJMeterEngine: Notifying test listeners of end of test
2021-12-23 20:42:52,062 INFO o.a.j.g.u.JMeterMenuBar: setRunning(false, *local*)
2021-12-23 20:43:55,717 INFO o.a.j.e.StandardJMeterEngine: Running the test!
2021-12-23 20:43:55,717 INFO o.a.j.s.SampleEvent: List of sample_variables: []
2021-12-23 20:43:55,718 INFO o.a.j.g.u.JMeterMenuBar: setRunning(true, *local*)
2021-12-23 20:43:55,867 INFO o.a.j.e.StandardJMeterEngine: Starting ThreadGroup: 1 : Thread Group
2021-12-23 20:43:55,867 INFO o.a.j.e.StandardJMeterEngine: Starting 10 threads for group Thread Group.
2021-12-23 20:43:55,867 INFO o.a.j.e.StandardJMeterEngine: Thread will continue on error
2021-12-23 20:43:55,867 INFO o.a.j.t.ThreadGroup: Starting thread group... number=1 threads=10 ramp-up=1 delayedStart=false
2021-12-23 20:43:55,871 INFO o.a.j.t.JMeterThread: Thread started: Thread Group 1-1
2021-12-23 20:43:55,910 INFO o.a.j.t.ThreadGroup: Started thread group number 1
2021-12-23 20:43:55,910 INFO o.a.j.e.StandardJMeterEngine: All thread groups have been started
2021-12-23 20:43:55,972 INFO o.a.j.t.JMeterThread: Thread started: Thread Group 1-2
2021-12-23 20:43:56,071 INFO o.a.j.t.JMeterThread: Thread started: Thread Group 1-3
2021-12-23 20:43:56,172 INFO o.a.j.t.JMeterThread: Thread started: Thread Group 1-4
2021-12-23 20:43:56,272 INFO o.a.j.t.JMeterThread: Thread started: Thread Group 1-5
2021-12-23 20:43:56,373 INFO o.a.j.t.JMeterThread: Thread started: Thread Group 1-6
2021-12-23 20:43:56,471 INFO o.a.j.t.JMeterThread: Thread started: Thread Group 1-7
2021-12-23 20:43:56,572 INFO o.a.j.t.JMeterThread: Thread started: Thread Group 1-8
2021-12-23 20:43:56,593 INFO o.a.j.t.JMeterThread: Thread is done: Thread Group 1-1
2021-12-23 20:43:56,593 INFO o.a.j.t.JMeterThread: Thread finished: Thread Group 1-1
2021-12-23 20:43:56,595 INFO o.a.j.t.JMeterThread: Thread is done: Thread Group 1-2
2021-12-23 20:43:56,595 INFO o.a.j.t.JMeterThread: Thread finished: Thread Group 1-2
2021-12-23 20:43:56,621 INFO o.a.j.t.JMeterThread: Thread is done: Thread Group 1-3
2021-12-23 20:43:56,621 INFO o.a.j.t.JMeterThread: Thread finished: Thread Group 1-3
2021-12-23 20:43:56,671 INFO o.a.j.t.JMeterThread: Thread started: Thread Group 1-9
2021-12-23 20:43:56,688 INFO o.a.j.t.JMeterThread: Thread is done: Thread Group 1-4
2021-12-23 20:43:56,690 INFO o.a.j.t.JMeterThread: Thread finished: Thread Group 1-4
2021-12-23 20:43:56,749 INFO o.a.j.t.JMeterThread: Thread is done: Thread Group 1-5
2021-12-23 20:43:56,749 INFO o.a.j.t.JMeterThread: Thread finished: Thread Group 1-5
2021-12-23 20:43:56,774 INFO o.a.j.t.JMeterThread: Thread started: Thread Group 1-10
2021-12-23 20:43:56,812 INFO o.a.j.t.JMeterThread: Thread is done: Thread Group 1-6
2021-12-23 20:43:56,812 INFO o.a.j.t.JMeterThread: Thread finished: Thread Group 1-6
2021-12-23 20:43:56,857 INFO o.a.j.t.JMeterThread: Thread is done: Thread Group 1-7
2021-12-23 20:43:56,857 INFO o.a.j.t.JMeterThread: Thread finished: Thread Group 1-7
2021-12-23 20:43:56,933 INFO o.a.j.t.JMeterThread: Thread is done: Thread Group 1-8
2021-12-23 20:43:56,933 INFO o.a.j.t.JMeterThread: Thread finished: Thread Group 1-8
2021-12-23 20:43:57,025 INFO o.a.j.t.JMeterThread: Thread is done: Thread Group 1-9
2021-12-23 20:43:57,025 INFO o.a.j.t.JMeterThread: Thread finished: Thread Group 1-9
2021-12-23 20:43:57,126 INFO o.a.j.t.JMeterThread: Thread is done: Thread Group 1-10
2021-12-23 20:43:57,126 INFO o.a.j.t.JMeterThread: Thread finished: Thread Group 1-10
2021-12-23 20:43:57,127 INFO o.a.j.e.StandardJMeterEngine: Notifying test listeners of end of test
2021-12-23 20:43:57,127 INFO o.a.j.g.u.JMeterMenuBar: setRunning(false, *local*)
